<?xml version="1.0" encoding="UTF-8"?>
<testng-results skipped="0" failed="0" ignored="0" total="1" passed="1">
  <reporter-output>
  </reporter-output>
  <suite name="Suite" duration-ms="60151" started-at="2018-09-09T07:12:55Z" finished-at="2018-09-09T07:13:56Z">
    <groups>
    </groups>
    <test name="Test" duration-ms="60151" started-at="2018-09-09T07:12:55Z" finished-at="2018-09-09T07:13:56Z">
      <class name="BankTests.BankBazzarTest">
        <test-method status="PASS" signature="startResult()[pri:0, instance:BankTests.BankBazzarTest@5ce81285]" name="startResult" is-config="true" duration-ms="617" started-at="2018-09-09T07:12:55Z" finished-at="2018-09-09T07:12:55Z">
          <reporter-output>
          </reporter-output>
        </test-method> <!-- startResult -->
        <test-method status="PASS" signature="setData()[pri:0, instance:BankTests.BankBazzarTest@5ce81285]" name="setData" is-config="true" duration-ms="0" started-at="2018-09-09T07:12:55Z" finished-at="2018-09-09T07:12:55Z">
          <reporter-output>
          </reporter-output>
        </test-method> <!-- setData -->
        <test-method status="PASS" signature="startTestCase()[pri:0, instance:BankTests.BankBazzarTest@5ce81285]" name="startTestCase" is-config="true" duration-ms="12" started-at="2018-09-09T07:12:55Z" finished-at="2018-09-09T07:12:55Z">
          <reporter-output>
          </reporter-output>
        </test-method> <!-- startTestCase -->
        <test-method status="PASS" signature="login()[pri:0, instance:BankTests.BankBazzarTest@5ce81285]" name="login" is-config="true" duration-ms="22113" started-at="2018-09-09T07:12:55Z" finished-at="2018-09-09T07:13:18Z">
          <reporter-output>
          </reporter-output>
        </test-method> <!-- login -->
        <test-method status="PASS" signature="BBinvestmentsschemes()[pri:0, instance:BankTests.BankBazzarTest@5ce81285]" name="BBinvestmentsschemes" duration-ms="38010" started-at="2018-09-09T07:13:18Z" finished-at="2018-09-09T07:13:56Z">
          <reporter-output>
          </reporter-output>
        </test-method> <!-- BBinvestmentsschemes -->
        <test-method status="PASS" signature="stopResult()[pri:0, instance:BankTests.BankBazzarTest@5ce81285]" name="stopResult" is-config="true" duration-ms="1129" started-at="2018-09-09T07:13:56Z" finished-at="2018-09-09T07:13:57Z">
          <reporter-output>
          </reporter-output>
        </test-method> <!-- stopResult -->
      </class> <!-- BankTests.BankBazzarTest -->
    </test> <!-- Test -->
  </suite> <!-- Suite -->
</testng-results>
